<?xml version="1.0" encoding="UTF-8"?>
<!-- Generated by org.testng.reporters.JUnitXMLReporter -->
<testsuite ignored="0" hostname="DESKTOP-U92U93D" failures="0" tests="5" name="Default test" time="33.421" errors="0" timestamp="08 Mar 2024 07:13:31 GMT">
  <testcase classname="com.testcases.Login" name="verifyLogin" time="2.164"/>
  <testcase classname="com.testcases.CustomerSearch" name="verifySearch" time="1.472"/>
  <testcase classname="com.testcases.AddNewCustomer" name="verifyManagerLogin" time="1.73"/>
  <testcase classname="com.testcases.Homepage" name="homePageTest" time="0.71"/>
  <testcase classname="com.testcases.OpenNewAccount" name="createAccount" time="1.914"/>
</testsuite> <!-- Default test -->
