<?xml version="1.0" encoding="UTF-8"?>
<testng-results ignored="0" total="5" passed="5" failed="0" skipped="0">
  <reporter-output>
  </reporter-output>
  <suite started-at="2024-03-08T07:12:58Z" name="Default suite" finished-at="2024-03-08T07:13:31Z" duration-ms="33421">
    <groups>
    </groups>
    <test started-at="2024-03-08T07:12:58Z" name="Default test" finished-at="2024-03-08T07:13:31Z" duration-ms="33421">
      <class name="com.testcases.AddNewCustomer">
        <test-method is-config="true" signature="setup()[pri:0, instance:com.testcases.AddNewCustomer@569bf9eb]" started-at="2024-03-08T12:43:12Z" name="setup" finished-at="2024-03-08T12:43:18Z" duration-ms="6448" status="PASS">
          <reporter-output>
          </reporter-output>
        </test-method> <!-- setup -->
        <test-method signature="verifyManagerLogin()[pri:0, instance:com.testcases.AddNewCustomer@569bf9eb]" started-at="2024-03-08T12:43:18Z" name="verifyManagerLogin" finished-at="2024-03-08T12:43:20Z" duration-ms="1730" status="PASS">
          <reporter-output>
          </reporter-output>
        </test-method> <!-- verifyManagerLogin -->
        <test-method is-config="true" signature="teardownBrowser()[pri:0, instance:com.testcases.AddNewCustomer@569bf9eb]" started-at="2024-03-08T12:43:20Z" name="teardownBrowser" finished-at="2024-03-08T12:43:20Z" duration-ms="193" status="PASS">
          <reporter-output>
          </reporter-output>
        </test-method> <!-- teardownBrowser -->
      </class> <!-- com.testcases.AddNewCustomer -->
      <class name="com.testcases.Homepage">
        <test-method is-config="true" signature="setup()[pri:0, instance:com.testcases.Homepage@61526469]" started-at="2024-03-08T12:43:20Z" name="setup" finished-at="2024-03-08T12:43:25Z" duration-ms="4226" status="PASS">
          <reporter-output>
          </reporter-output>
        </test-method> <!-- setup -->
        <test-method signature="homePageTest()[pri:1, instance:com.testcases.Homepage@61526469]" started-at="2024-03-08T12:43:25Z" name="homePageTest" finished-at="2024-03-08T12:43:25Z" duration-ms="710" status="PASS">
          <reporter-output>
          </reporter-output>
        </test-method> <!-- homePageTest -->
        <test-method is-config="true" signature="teardownBrowser()[pri:0, instance:com.testcases.Homepage@61526469]" started-at="2024-03-08T12:43:25Z" name="teardownBrowser" finished-at="2024-03-08T12:43:26Z" duration-ms="219" status="PASS">
          <reporter-output>
          </reporter-output>
        </test-method> <!-- teardownBrowser -->
      </class> <!-- com.testcases.Homepage -->
      <class name="com.testcases.Login">
        <test-method is-config="true" signature="setup()[pri:0, instance:com.testcases.Login@3faf2e7d]" started-at="2024-03-08T12:42:58Z" name="setup" finished-at="2024-03-08T12:43:02Z" duration-ms="4459" status="PASS">
          <reporter-output>
          </reporter-output>
        </test-method> <!-- setup -->
        <test-method signature="verifyLogin()[pri:0, instance:com.testcases.Login@3faf2e7d]" started-at="2024-03-08T12:43:02Z" name="verifyLogin" finished-at="2024-03-08T12:43:05Z" duration-ms="2164" status="PASS">
          <reporter-output>
          </reporter-output>
        </test-method> <!-- verifyLogin -->
        <test-method is-config="true" signature="teardownBrowser()[pri:0, instance:com.testcases.Login@3faf2e7d]" started-at="2024-03-08T12:43:05Z" name="teardownBrowser" finished-at="2024-03-08T12:43:05Z" duration-ms="248" status="PASS">
          <reporter-output>
          </reporter-output>
        </test-method> <!-- teardownBrowser -->
      </class> <!-- com.testcases.Login -->
      <class name="com.testcases.CustomerSearch">
        <test-method is-config="true" signature="setup()[pri:0, instance:com.testcases.CustomerSearch@4648ce9]" started-at="2024-03-08T12:43:05Z" name="setup" finished-at="2024-03-08T12:43:10Z" duration-ms="5547" status="PASS">
          <reporter-output>
          </reporter-output>
        </test-method> <!-- setup -->
        <test-method signature="verifySearch()[pri:0, instance:com.testcases.CustomerSearch@4648ce9]" started-at="2024-03-08T12:43:10Z" name="verifySearch" finished-at="2024-03-08T12:43:12Z" duration-ms="1472" status="PASS">
          <reporter-output>
          </reporter-output>
        </test-method> <!-- verifySearch -->
        <test-method is-config="true" signature="teardownBrowser()[pri:0, instance:com.testcases.CustomerSearch@4648ce9]" started-at="2024-03-08T12:43:12Z" name="teardownBrowser" finished-at="2024-03-08T12:43:12Z" duration-ms="177" status="PASS">
          <reporter-output>
          </reporter-output>
        </test-method> <!-- teardownBrowser -->
      </class> <!-- com.testcases.CustomerSearch -->
      <class name="com.testcases.OpenNewAccount">
        <test-method is-config="true" signature="setup()[pri:0, instance:com.testcases.OpenNewAccount@274872f8]" started-at="2024-03-08T12:43:26Z" name="setup" finished-at="2024-03-08T12:43:29Z" duration-ms="3491" status="PASS">
          <reporter-output>
          </reporter-output>
        </test-method> <!-- setup -->
        <test-method signature="createAccount()[pri:3, instance:com.testcases.OpenNewAccount@274872f8]" started-at="2024-03-08T12:43:29Z" name="createAccount" finished-at="2024-03-08T12:43:31Z" duration-ms="1914" status="PASS">
          <reporter-output>
          </reporter-output>
        </test-method> <!-- createAccount -->
        <test-method is-config="true" signature="teardownBrowser()[pri:0, instance:com.testcases.OpenNewAccount@274872f8]" started-at="2024-03-08T12:43:31Z" name="teardownBrowser" finished-at="2024-03-08T12:43:31Z" duration-ms="201" status="PASS">
          <reporter-output>
          </reporter-output>
        </test-method> <!-- teardownBrowser -->
      </class> <!-- com.testcases.OpenNewAccount -->
    </test> <!-- Default test -->
  </suite> <!-- Default suite -->
</testng-results>
