<?xml version="1.0" encoding="UTF-8"?>
<testng-results ignored="0" total="1" passed="1" failed="0" skipped="0">
  <reporter-output>
  </reporter-output>
  <suite started-at="2024-03-08T20:42:22Z" name="Default suite" finished-at="2024-03-08T20:42:28Z" duration-ms="5752">
    <groups>
    </groups>
    <test started-at="2024-03-08T20:42:22Z" name="Default test" finished-at="2024-03-08T20:42:28Z" duration-ms="5752">
      <class name="com.testcases.Withdrwal">
        <test-method is-config="true" signature="setup()[pri:0, instance:com.testcases.Withdrwal@78641d23]" started-at="2024-03-09T02:12:22Z" name="setup" finished-at="2024-03-09T02:12:25Z" duration-ms="3404" status="PASS">
          <reporter-output>
          </reporter-output>
        </test-method> <!-- setup -->
        <test-method signature="DepositMoney()[pri:0, instance:com.testcases.Withdrwal@78641d23]" started-at="2024-03-09T02:12:25Z" name="DepositMoney" finished-at="2024-03-09T02:12:28Z" duration-ms="2330" status="PASS">
          <reporter-output>
          </reporter-output>
        </test-method> <!-- DepositMoney -->
      </class> <!-- com.testcases.Withdrwal -->
    </test> <!-- Default test -->
  </suite> <!-- Default suite -->
</testng-results>
